Using pre-set license
Built from '2020.3/release' branch; Version is '2020.3.15f2 (6cf78cb77498) revision 7141260'; Using compiler version '192528614'; Build Type 'Release'
OS: 'Windows 10 Pro; OS build 19043.1237; Version 2009; 64bit' Language: 'en' Physical Memory: 16322 MB
BatchMode: 1, IsHumanControllingUs: 0, StartBugReporterOnCrash: 0, Is64bit: 1, IsPro: 0

 COMMAND LINE ARGUMENTS:
C:\Program Files\Unity\Hub\Editor\2020.3.15f2\Editor\Unity.exe
-adb2
-batchMode
-noUpm
-name
AssetImportWorker0
-projectPath
C:/Users/darke/Documents/GitHub/conquest-remastered
-logFile
Logs/AssetImportWorker0.log
-srvPort
63254
Successfully changed project path to: C:/Users/darke/Documents/GitHub/conquest-remastered
C:/Users/darke/Documents/GitHub/conquest-remastered
Using Asset Import Pipeline V2.
Refreshing native plugins compatible for Editor in 99.80 ms, found 2 plugins.
Preloading 0 native plugins for Editor in 0.00 ms.
Initialize engine version: 2020.3.15f2 (6cf78cb77498)
[Subsystems] Discovering subsystems at path C:/Program Files/Unity/Hub/Editor/2020.3.15f2/Editor/Data/Resources/UnitySubsystems
[Subsystems] Discovering subsystems at path C:/Users/darke/Documents/GitHub/conquest-remastered/Assets
GfxDevice: creating device client; threaded=0
Direct3D:
    Version:  Direct3D 11.0 [level 11.1]
    Renderer: NVIDIA GeForce RTX 2060 (ID=0x1f08)
    Vendor:   
    VRAM:     5980 MB
    Driver:   30.0.14.7196
Initialize mono
Mono path[0] = 'C:/Program Files/Unity/Hub/Editor/2020.3.15f2/Editor/Data/Managed'
Mono path[1] = 'C:/Program Files/Unity/Hub/Editor/2020.3.15f2/Editor/Data/MonoBleedingEdge/lib/mono/unityjit'
Mono config path = 'C:/Program Files/Unity/Hub/Editor/2020.3.15f2/Editor/Data/MonoBleedingEdge/etc'
Using monoOptions --debugger-agent=transport=dt_socket,embedding=1,server=y,suspend=n,address=127.0.0.1:56576
Begin MonoManager ReloadAssembly
Registering precompiled unity dll's ...
Register platform support module: C:/Program Files/Unity/Hub/Editor/2020.3.15f2/Editor/Data/PlaybackEngines/WindowsStandaloneSupport/UnityEditor.WindowsStandalone.Extensions.dll
Registered in 0.001731 seconds.
Native extension for WindowsStandalone target not found
Refreshing native plugins compatible for Editor in 85.64 ms, found 2 plugins.
Preloading 0 native plugins for Editor in 0.00 ms.
Mono: successfully reloaded assembly
- Completed reload, in  1.010 seconds
Domain Reload Profiling:
	ReloadAssembly (1010ms)
		BeginReloadAssembly (57ms)
			ExecutionOrderSort (0ms)
			DisableScriptedObjects (0ms)
			BackupInstance (0ms)
			ReleaseScriptingObjects (0ms)
			CreateAndSetChildDomain (1ms)
		EndReloadAssembly (426ms)
			LoadAssemblies (55ms)
			RebuildTransferFunctionScriptingTraits (0ms)
			SetupTypeCache (141ms)
			ReleaseScriptCaches (0ms)
			RebuildScriptCaches (23ms)
			SetupLoadedEditorAssemblies (195ms)
				LogAssemblyErrors (0ms)
				InitializePlatformSupportModulesInManaged (3ms)
				SetLoadedEditorAssemblies (0ms)
				RefreshPlugins (86ms)
				BeforeProcessingInitializeOnLoad (11ms)
				ProcessInitializeOnLoadAttributes (72ms)
				ProcessInitializeOnLoadMethodAttributes (24ms)
				AfterProcessingInitializeOnLoad (0ms)
				EditorAssembliesLoaded (0ms)
			ExecutionOrderSort2 (0ms)
			AwakeInstancesAfterBackupRestoration (0ms)
Platform modules already initialized, skipping
Registering precompiled user dll's ...
Registered in 0.007581 seconds.
Begin MonoManager ReloadAssembly
Native extension for WindowsStandalone target not found
Refreshing native plugins compatible for Editor in 97.42 ms, found 2 plugins.
Preloading 0 native plugins for Editor in 0.00 ms.
Mono: successfully reloaded assembly
- Completed reload, in  1.525 seconds
Domain Reload Profiling:
	ReloadAssembly (1526ms)
		BeginReloadAssembly (124ms)
			ExecutionOrderSort (0ms)
			DisableScriptedObjects (3ms)
			BackupInstance (0ms)
			ReleaseScriptingObjects (0ms)
			CreateAndSetChildDomain (14ms)
		EndReloadAssembly (1346ms)
			LoadAssemblies (98ms)
			RebuildTransferFunctionScriptingTraits (0ms)
			SetupTypeCache (372ms)
			ReleaseScriptCaches (3ms)
			RebuildScriptCaches (83ms)
			SetupLoadedEditorAssemblies (676ms)
				LogAssemblyErrors (0ms)
				InitializePlatformSupportModulesInManaged (4ms)
				SetLoadedEditorAssemblies (0ms)
				RefreshPlugins (97ms)
				BeforeProcessingInitializeOnLoad (101ms)
				ProcessInitializeOnLoadAttributes (351ms)
				ProcessInitializeOnLoadMethodAttributes (117ms)
				AfterProcessingInitializeOnLoad (6ms)
				EditorAssembliesLoaded (0ms)
			ExecutionOrderSort2 (0ms)
			AwakeInstancesAfterBackupRestoration (5ms)
Platform modules already initialized, skipping
========================================================================
Worker process is ready to serve import requests
Launched and connected shader compiler UnityShaderCompiler.exe after 0.08 seconds
Refreshing native plugins compatible for Editor in 0.73 ms, found 2 plugins.
Preloading 0 native plugins for Editor in 0.00 ms.
Unloading 4781 Unused Serialized files (Serialized files now loaded: 0)
System memory in use before: 221.6 MB.
System memory in use after: 221.8 MB.

Unloading 31 unused Assets to reduce memory usage. Loaded Objects now: 5226.
Total: 3.460800 ms (FindLiveObjects: 0.345200 ms CreateObjectMapping: 0.204000 ms MarkObjects: 2.803000 ms  DeleteObjects: 0.107500 ms)

AssetImportParameters requested are different than current active one (requested -> active):
  custom:framework-win-MediaFoundation: 216162199b28c13a410421893ffa2e32 -> 
  custom:video-decoder-ogg-theora: a1e56fd34408186e4bbccfd4996cb3dc -> 
  custom:container-muxer-webm: aa71ff27fc2769a1b78a27578f13a17b -> 
  custom:container-demuxer-webm: 4f35f7cbe854078d1ac9338744f61a02 -> 
  custom:container-demuxer-ogg: 62fdf1f143b41e24485cea50d1cbac27 -> 
  custom:video-encoder-webm-vp8: eb34c28f22e8b96e1ab97ce403110664 -> 
  custom:video-decoder-webm-vp8: 9c59270c3fd7afecdb556c50c9e8de78 -> 
  custom:audio-decoder-ogg-vorbis: bf7c407c2cedff20999df2af8eb42d56 -> 
  custom:audio-encoder-webm-vorbis: bf7c407c2cedff20999df2af8eb42d56 -> 
========================================================================
Received Import Request.
  path: Assets/Project Assets/Scenes/TEST_SCENE.unity
  artifactKey: Guid(07c44b828cec8ab42b790fd46af614cb) Importer(815301076,1909f56bfc062723c751e8b465ee728b)
Start importing Assets/Project Assets/Scenes/TEST_SCENE.unity using Guid(07c44b828cec8ab42b790fd46af614cb) Importer(815301076,1909f56bfc062723c751e8b465ee728b)  -> (artifact id: '7875aa9be3fd49c550b4886cb6934909') in 0.021320 seconds 
  Import took 0.031845 seconds .

========================================================================
Received Import Request.
  Time since last request: 99.733293 seconds.
  path: Assets/Project Assets/Scenes/CM vcam1.prefab
  artifactKey: Guid(b1c425fa4c57d3d4885ab54c0e9c92a4) Importer(815301076,1909f56bfc062723c751e8b465ee728b)
Start importing Assets/Project Assets/Scenes/CM vcam1.prefab using Guid(b1c425fa4c57d3d4885ab54c0e9c92a4) Importer(815301076,1909f56bfc062723c751e8b465ee728b)  -> (artifact id: '417f754ef0b93f6b2bc680ed2899938a') in 0.050687 seconds 
  Import took 0.058119 seconds .

========================================================================
Received Import Request.
  Time since last request: 0.007975 seconds.
  path: Assets/Project Assets/Scenes/CM vcam1.prefab
  artifactKey: Guid(b1c425fa4c57d3d4885ab54c0e9c92a4) Importer(815301076,1909f56bfc062723c751e8b465ee728b)
Start importing Assets/Project Assets/Scenes/CM vcam1.prefab using Guid(b1c425fa4c57d3d4885ab54c0e9c92a4) Importer(815301076,1909f56bfc062723c751e8b465ee728b)  -> (artifact id: '417f754ef0b93f6b2bc680ed2899938a') in 0.004585 seconds 
  Import took 0.010382 seconds .

========================================================================
Received Import Request.
  Time since last request: 1.261681 seconds.
  path: Assets/Project Assets/Scenes/TEST_SCENE.unity
  artifactKey: Guid(07c44b828cec8ab42b790fd46af614cb) Importer(815301076,1909f56bfc062723c751e8b465ee728b)
Start importing Assets/Project Assets/Scenes/TEST_SCENE.unity using Guid(07c44b828cec8ab42b790fd46af614cb) Importer(815301076,1909f56bfc062723c751e8b465ee728b)  -> (artifact id: '07b6b6b6bd872cef0aa6b6afa47731fc') in 0.002345 seconds 
  Import took 0.008197 seconds .

AssetImportWorkerClient::OnTransportError - code=2 error=End of file
